<?xml version="1.0" encoding="UTF-8"?>
<testsuite name="mis283.service.SiteServiceTest" tests="2" skipped="0" failures="0" errors="0" timestamp="2017-11-11T00:49:19" hostname="MD017093T931" time="0.022">
  <properties/>
  <testcase name="update" classname="mis283.service.SiteServiceTest" time="0.017"/>
  <testcase name="retrieve" classname="mis283.service.SiteServiceTest" time="0.004"/>
  <system-out><![CDATA[Hibernate: call next value for hibernate_sequence
Hibernate: insert into Site (name, url, id) values (?, ?, ?)
Hibernate: select site0_.id as id1_1_0_, site0_.name as name2_1_0_, site0_.url as url3_1_0_ from Site site0_ where site0_.id=?
Hibernate: select site0_.id as id1_1_0_, site0_.name as name2_1_0_, site0_.url as url3_1_0_ from Site site0_ where site0_.id=?
Hibernate: update Site set name=?, url=? where id=?
Hibernate: select site0_.id as id1_1_0_, site0_.name as name2_1_0_, site0_.url as url3_1_0_ from Site site0_ where site0_.id=?
Hibernate: select site0_.id as id1_1_0_, site0_.name as name2_1_0_, site0_.url as url3_1_0_ from Site site0_ where site0_.id=?
Hibernate: update Site set name=?, url=? where id=?
Hibernate: select site0_.id as id1_1_0_, site0_.name as name2_1_0_, site0_.url as url3_1_0_ from Site site0_ where site0_.id=?
Hibernate: select site0_.id as id1_1_0_, site0_.name as name2_1_0_, site0_.url as url3_1_0_ from Site site0_ where site0_.id=?
Hibernate: select site0_.id as id1_1_0_, site0_.name as name2_1_0_, site0_.url as url3_1_0_ from Site site0_ where site0_.id=?
Hibernate: delete from Site where id=?
Hibernate: select site0_.id as id1_1_0_, site0_.name as name2_1_0_, site0_.url as url3_1_0_ from Site site0_ where site0_.id=?
]]></system-out>
  <system-err><![CDATA[Nov 10, 2017 6:49:20 PM mis283.service.SiteService get
SEVERE: Error retrieving site with id: 4
javax.ws.rs.NotFoundException: No site with id: (4) found.
	at mis283.service.SiteService.get(SiteService.java:60)
	at mis283.service.SiteServiceTest.delete(SiteServiceTest.java:72)
	at sun.reflect.NativeMethodAccessorImpl.invoke0(Native Method)
	at sun.reflect.NativeMethodAccessorImpl.invoke(NativeMethodAccessorImpl.java:62)
	at sun.reflect.DelegatingMethodAccessorImpl.invoke(DelegatingMethodAccessorImpl.java:43)
	at java.lang.reflect.Method.invoke(Method.java:498)
	at org.junit.runners.model.FrameworkMethod$1.runReflectiveCall(FrameworkMethod.java:50)
	at org.junit.internal.runners.model.ReflectiveCallable.run(ReflectiveCallable.java:12)
	at org.junit.runners.model.FrameworkMethod.invokeExplosively(FrameworkMethod.java:47)
	at org.junit.internal.runners.statements.RunAfters.evaluate(RunAfters.java:33)
	at org.junit.runners.ParentRunner.run(ParentRunner.java:363)
	at org.gradle.api.internal.tasks.testing.junit.JUnitTestClassExecuter.runTestClass(JUnitTestClassExecuter.java:114)
	at org.gradle.api.internal.tasks.testing.junit.JUnitTestClassExecuter.execute(JUnitTestClassExecuter.java:57)
	at org.gradle.api.internal.tasks.testing.junit.JUnitTestClassProcessor.processTestClass(JUnitTestClassProcessor.java:66)
	at org.gradle.api.internal.tasks.testing.SuiteTestClassProcessor.processTestClass(SuiteTestClassProcessor.java:51)
	at sun.reflect.NativeMethodAccessorImpl.invoke0(Native Method)
	at sun.reflect.NativeMethodAccessorImpl.invoke(NativeMethodAccessorImpl.java:62)
	at sun.reflect.DelegatingMethodAccessorImpl.invoke(DelegatingMethodAccessorImpl.java:43)
	at java.lang.reflect.Method.invoke(Method.java:498)
	at org.gradle.internal.dispatch.ReflectionDispatch.dispatch(ReflectionDispatch.java:35)
	at org.gradle.internal.dispatch.ReflectionDispatch.dispatch(ReflectionDispatch.java:24)
	at org.gradle.internal.dispatch.ContextClassLoaderDispatch.dispatch(ContextClassLoaderDispatch.java:32)
	at org.gradle.internal.dispatch.ProxyDispatchAdapter$DispatchingInvocationHandler.invoke(ProxyDispatchAdapter.java:93)
	at com.sun.proxy.$Proxy2.processTestClass(Unknown Source)
	at org.gradle.api.internal.tasks.testing.worker.TestWorker.processTestClass(TestWorker.java:109)
	at sun.reflect.NativeMethodAccessorImpl.invoke0(Native Method)
	at sun.reflect.NativeMethodAccessorImpl.invoke(NativeMethodAccessorImpl.java:62)
	at sun.reflect.DelegatingMethodAccessorImpl.invoke(DelegatingMethodAccessorImpl.java:43)
	at java.lang.reflect.Method.invoke(Method.java:498)
	at org.gradle.internal.dispatch.ReflectionDispatch.dispatch(ReflectionDispatch.java:35)
	at org.gradle.internal.dispatch.ReflectionDispatch.dispatch(ReflectionDispatch.java:24)
	at org.gradle.internal.remote.internal.hub.MessageHubBackedObjectConnection$DispatchWrapper.dispatch(MessageHubBackedObjectConnection.java:147)
	at org.gradle.internal.remote.internal.hub.MessageHubBackedObjectConnection$DispatchWrapper.dispatch(MessageHubBackedObjectConnection.java:129)
	at org.gradle.internal.remote.internal.hub.MessageHub$Handler.run(MessageHub.java:404)
	at org.gradle.internal.concurrent.ExecutorPolicy$CatchAndRecordFailures.onExecute(ExecutorPolicy.java:63)
	at org.gradle.internal.concurrent.StoppableExecutorImpl$1.run(StoppableExecutorImpl.java:46)
	at java.util.concurrent.ThreadPoolExecutor.runWorker(ThreadPoolExecutor.java:1142)
	at java.util.concurrent.ThreadPoolExecutor$Worker.run(ThreadPoolExecutor.java:617)
	at java.lang.Thread.run(Thread.java:748)

]]></system-err>
</testsuite>
