<?xml version="1.0" encoding="UTF-8"?>
<testsuite name="mis283.repository.SiteRepositoryTest" tests="4" skipped="0" failures="0" errors="0" timestamp="2017-11-11T00:49:19" hostname="MD017093T931" time="0.135">
  <properties/>
  <testcase name="retrieveAll" classname="mis283.repository.SiteRepositoryTest" time="0.01"/>
  <testcase name="retrieve" classname="mis283.repository.SiteRepositoryTest" time="0.002"/>
  <testcase name="save" classname="mis283.repository.SiteRepositoryTest" time="0.114"/>
  <testcase name="retrieveByName" classname="mis283.repository.SiteRepositoryTest" time="0.008"/>
  <system-out><![CDATA[Hibernate: call next value for hibernate_sequence
Hibernate: insert into Site (name, url, id) values (?, ?, ?)
Hibernate: select site0_.id as id1_1_, site0_.name as name2_1_, site0_.url as url3_1_ from Site site0_
Hibernate: select site0_.id as id1_1_0_, site0_.name as name2_1_0_, site0_.url as url3_1_0_ from Site site0_ where site0_.id=?
Hibernate: select site0_.id as id1_1_0_, site0_.name as name2_1_0_, site0_.url as url3_1_0_ from Site site0_ where site0_.id=?
Hibernate: update Site set name=?, url=? where id=?
Hibernate: update Site set name=?, url=? where id=?
Hibernate: select site0_.id as id1_1_, site0_.name as name2_1_, site0_.url as url3_1_ from Site site0_ where site0_.name=?
Hibernate: select site0_.id as id1_1_0_, site0_.name as name2_1_0_, site0_.url as url3_1_0_ from Site site0_ where site0_.id=?
Hibernate: delete from Site where id=?
Hibernate: select site0_.id as id1_1_0_, site0_.name as name2_1_0_, site0_.url as url3_1_0_ from Site site0_ where site0_.id=?
]]></system-out>
  <system-err><![CDATA[]]></system-err>
</testsuite>
